<?xml version="1.0" encoding="UTF-8"?>
<testsuite name="edu.bsu.cs222.ErrorsTest" tests="4" skipped="0" failures="0" errors="0" timestamp="2023-02-11T02:26:54" hostname="LAPTOP-K51KK94K" time="5.679">
  <properties/>
  <testcase name="testNotBlank()" classname="edu.bsu.cs222.ErrorsTest" time="0.022"/>
  <testcase name="testBlank()" classname="edu.bsu.cs222.ErrorsTest" time="0.002"/>
  <testcase name="testPageNotFound()" classname="edu.bsu.cs222.ErrorsTest" time="2.928"/>
  <testcase name="testPageFound()" classname="edu.bsu.cs222.ErrorsTest" time="2.726"/>
  <system-out><![CDATA[[""]
[]
]]></system-out>
  <system-err><![CDATA[SLF4J: Failed to load class "org.slf4j.impl.StaticLoggerBinder".
SLF4J: Defaulting to no-operation (NOP) logger implementation
SLF4J: See http://www.slf4j.org/codes.html#StaticLoggerBinder for further details.
]]></system-err>
</testsuite>
