<?xml version="1.0" encoding="UTF-8"?>
<testsuite name="edu.bsu.cs222.ArticleInfoTest" tests="6" skipped="0" failures="0" errors="0" timestamp="2023-02-13T23:55:44" hostname="AUSTEN_IS_SEXY" time="1.43">
  <properties/>
  <testcase name="getTimestampInfoTest()" classname="edu.bsu.cs222.ArticleInfoTest" time="0.562"/>
  <testcase name="testNotRedirect()" classname="edu.bsu.cs222.ArticleInfoTest" time="0.147"/>
  <testcase name="getRevisionsInfoTest()" classname="edu.bsu.cs222.ArticleInfoTest" time="0.001"/>
  <testcase name="testRedirect()" classname="edu.bsu.cs222.ArticleInfoTest" time="0.15"/>
  <testcase name="getUserInfoTestNegative()" classname="edu.bsu.cs222.ArticleInfoTest" time="0.295"/>
  <testcase name="getUserInfoTest()" classname="edu.bsu.cs222.ArticleInfoTest" time="0.27"/>
  <system-out><![CDATA[
Redirected to: []
All revisions: {}
1 PritongKandule 2023-02-10T04:01:06Z 
2 FLOAV 2023-02-10T03:53:33Z 
3 InternetArchiveBot 2023-01-30T20:20:13Z 
4 2403:580D:6977:1:FC1C:36A2:807A:A141 2023-01-30T06:49:15Z 
5 Rodw 2023-01-29T17:51:50Z 
6 DVdm 2023-01-24T10:25:12Z 
7 37.159.89.45 2023-01-24T08:39:57Z 
8 DVdm 2023-01-23T16:56:00Z 
9 93.66.64.163 2023-01-21T13:56:14Z 
10 93.66.64.163 2023-01-21T13:55:24Z 
11 2403:580D:6977:1:5D4E:E7B6:FADD:4195 2023-01-15T10:59:26Z 
12 116.86.2.80 2023-01-13T06:05:42Z 
13 Louis P. Boog 2023-01-12T16:55:48Z 
14 Cacash refund 2023-01-12T03:39:10Z 
15 Jpgordon 2023-01-07T16:32:37Z 
16 109.236.0.36 2023-01-07T16:03:11Z 
17 A. Randomdude0000 2023-01-05T17:30:34Z 
18 2A00:23C4:7996:B901:74EA:481D:CB34:C5E 2023-01-05T13:00:13Z 
19 71.212.137.171 2023-01-03T06:31:41Z 
20 Joe Vitale 5 2022-12-29T03:05:31Z 
21 Joe Vitale 5 2022-12-29T03:03:33Z 
22 Joe Vitale 5 2022-12-29T03:02:35Z 
23 Joe Vitale 5 2022-12-29T03:01:17Z 
24 Joe Vitale 5 2022-12-29T02:59:44Z 
25 Joe Vitale 5 2022-12-29T02:58:47Z 
26 Joe Vitale 5 2022-12-29T02:58:24Z 
27 71.212.137.171 2022-12-29T01:58:51Z 

Redirected to: []
All revisions: {0=[{"user":"PritongKandule","timestamp":"2023-02-10T04:01:06Z"},{"user":"FLOAV","timestamp":"2023-02-10T03:53:33Z"},{"user":"InternetArchiveBot","timestamp":"2023-01-30T20:20:13Z"},{"user":"2403:580D:6977:1:FC1C:36A2:807A:A141","anon":"","timestamp":"2023-01-30T06:49:15Z"},{"user":"Rodw","timestamp":"2023-01-29T17:51:50Z"},{"user":"DVdm","timestamp":"2023-01-24T10:25:12Z"},{"user":"37.159.89.45","anon":"","timestamp":"2023-01-24T08:39:57Z"},{"user":"DVdm","timestamp":"2023-01-23T16:56:00Z"},{"user":"93.66.64.163","anon":"","timestamp":"2023-01-21T13:56:14Z"},{"user":"93.66.64.163","anon":"","timestamp":"2023-01-21T13:55:24Z"},{"user":"2403:580D:6977:1:5D4E:E7B6:FADD:4195","anon":"","timestamp":"2023-01-15T10:59:26Z"},{"user":"116.86.2.80","anon":"","timestamp":"2023-01-13T06:05:42Z"},{"user":"Louis P. Boog","timestamp":"2023-01-12T16:55:48Z"},{"user":"Cacash refund","timestamp":"2023-01-12T03:39:10Z"},{"user":"Jpgordon","timestamp":"2023-01-07T16:32:37Z"},{"user":"109.236.0.36","anon":"","timestamp":"2023-01-07T16:03:11Z"},{"user":"A. Randomdude0000","timestamp":"2023-01-05T17:30:34Z"},{"user":"2A00:23C4:7996:B901:74EA:481D:CB34:C5E","anon":"","timestamp":"2023-01-05T13:00:13Z"},{"user":"71.212.137.171","anon":"","timestamp":"2023-01-03T06:31:41Z"},{"user":"Joe Vitale 5","timestamp":"2022-12-29T03:05:31Z"},{"user":"Joe Vitale 5","timestamp":"2022-12-29T03:03:33Z"},{"user":"Joe Vitale 5","timestamp":"2022-12-29T03:02:35Z"},{"user":"Joe Vitale 5","timestamp":"2022-12-29T03:01:17Z"},{"user":"Joe Vitale 5","timestamp":"2022-12-29T02:59:44Z"},{"user":"Joe Vitale 5","timestamp":"2022-12-29T02:58:47Z"},{"user":"Joe Vitale 5","timestamp":"2022-12-29T02:58:24Z"},{"user":"71.212.137.171","anon":"","timestamp":"2022-12-29T01:58:51Z"}]}

Redirected to: []
All revisions: {0=[{"user":"PritongKandule","timestamp":"2023-02-10T04:01:06Z"},{"user":"FLOAV","timestamp":"2023-02-10T03:53:33Z"},{"user":"InternetArchiveBot","timestamp":"2023-01-30T20:20:13Z"},{"user":"2403:580D:6977:1:FC1C:36A2:807A:A141","anon":"","timestamp":"2023-01-30T06:49:15Z"},{"user":"Rodw","timestamp":"2023-01-29T17:51:50Z"},{"user":"DVdm","timestamp":"2023-01-24T10:25:12Z"},{"user":"37.159.89.45","anon":"","timestamp":"2023-01-24T08:39:57Z"},{"user":"DVdm","timestamp":"2023-01-23T16:56:00Z"},{"user":"93.66.64.163","anon":"","timestamp":"2023-01-21T13:56:14Z"},{"user":"93.66.64.163","anon":"","timestamp":"2023-01-21T13:55:24Z"},{"user":"2403:580D:6977:1:5D4E:E7B6:FADD:4195","anon":"","timestamp":"2023-01-15T10:59:26Z"},{"user":"116.86.2.80","anon":"","timestamp":"2023-01-13T06:05:42Z"},{"user":"Louis P. Boog","timestamp":"2023-01-12T16:55:48Z"},{"user":"Cacash refund","timestamp":"2023-01-12T03:39:10Z"},{"user":"Jpgordon","timestamp":"2023-01-07T16:32:37Z"},{"user":"109.236.0.36","anon":"","timestamp":"2023-01-07T16:03:11Z"},{"user":"A. Randomdude0000","timestamp":"2023-01-05T17:30:34Z"},{"user":"2A00:23C4:7996:B901:74EA:481D:CB34:C5E","anon":"","timestamp":"2023-01-05T13:00:13Z"},{"user":"71.212.137.171","anon":"","timestamp":"2023-01-03T06:31:41Z"},{"user":"Joe Vitale 5","timestamp":"2022-12-29T03:05:31Z"},{"user":"Joe Vitale 5","timestamp":"2022-12-29T03:03:33Z"},{"user":"Joe Vitale 5","timestamp":"2022-12-29T03:02:35Z"},{"user":"Joe Vitale 5","timestamp":"2022-12-29T03:01:17Z"},{"user":"Joe Vitale 5","timestamp":"2022-12-29T02:59:44Z"},{"user":"Joe Vitale 5","timestamp":"2022-12-29T02:58:47Z"},{"user":"Joe Vitale 5","timestamp":"2022-12-29T02:58:24Z"},{"user":"71.212.137.171","anon":"","timestamp":"2022-12-29T01:58:51Z"}]}
]]></system-out>
  <system-err><![CDATA[SLF4J: Failed to load class "org.slf4j.impl.StaticLoggerBinder".
SLF4J: Defaulting to no-operation (NOP) logger implementation
SLF4J: See http://www.slf4j.org/codes.html#StaticLoggerBinder for further details.
]]></system-err>
</testsuite>
