<?xml version="1.0" encoding="UTF-8"?>
<testsuite name="edu.bsu.cs222.ErrorsTest" tests="2" skipped="0" failures="0" errors="0" timestamp="2023-02-11T00:04:43" hostname="AUSTEN_IS_SEXY" time="0.011">
  <properties/>
  <testcase name="testNotBlank()" classname="edu.bsu.cs222.ErrorsTest" time="0.009"/>
  <testcase name="testBlank()" classname="edu.bsu.cs222.ErrorsTest" time="0.001"/>
  <system-out><![CDATA[]]></system-out>
  <system-err><![CDATA[]]></system-err>
</testsuite>
