<?xml version="1.0" encoding="UTF-8"?>
<testsuite name="edu.bsu.cs222.FinderTest" tests="3" skipped="0" failures="0" errors="0" timestamp="2023-02-10T14:36:20" hostname="LAPTOP-K51KK94K" time="1.79">
  <properties/>
  <testcase name="testJames()" classname="edu.bsu.cs222.FinderTest" time="0.956"/>
  <testcase name="testJSON()" classname="edu.bsu.cs222.FinderTest" time="0.351"/>
  <testcase name="testJamesGunn()" classname="edu.bsu.cs222.FinderTest" time="0.48"/>
  <system-out><![CDATA[]]></system-out>
  <system-err><![CDATA[SLF4J: Failed to load class "org.slf4j.impl.StaticLoggerBinder".
SLF4J: Defaulting to no-operation (NOP) logger implementation
SLF4J: See http://www.slf4j.org/codes.html#StaticLoggerBinder for further details.
]]></system-err>
</testsuite>
